<?xml version="1.0" encoding="UTF-8"?>
<!-- Generated by org.testng.reporters.JUnitReportReporter -->
<testsuite hostname="DESKTOP-I3QQCQL" failures="0" tests="1" name="nov13.Demo2" time="14.608" errors="0" timestamp="2024-11-19T09:09:24 IST" skipped="0">
  <testcase classname="nov13.Demo2" name="verifyTitle" time="14.608"/>
  <system-out/>
</testsuite> <!-- nov13.Demo2 -->
