<?xml version="1.0" encoding="UTF-8"?>
<!-- Generated by org.testng.reporters.JUnitReportReporter -->
<testsuite hostname="DESKTOP-I3QQCQL" failures="0" tests="3" name="nov11.FirstTestNGclass" time="10.935" errors="0" timestamp="2024-11-16T20:43:47 IST" skipped="0">
  <testcase classname="nov11.FirstTestNGclass" name="pim" time="2.231"/>
  <system-out>
    <![CDATA[Executing Pim Test]]>
  </system-out>
  <testcase classname="nov11.FirstTestNGclass" name="admin" time="6.361"/>
  <system-out>
    <![CDATA[Executing Admin Test]]>
  </system-out>
  <testcase classname="nov11.FirstTestNGclass" name="leave" time="2.343"/>
  <system-out>
    <![CDATA[Executing Leave Test]]>
  </system-out>
</testsuite> <!-- nov11.FirstTestNGclass -->
