<?xml version="1.0" encoding="UTF-8"?>
<!-- Generated by org.testng.reporters.JUnitReportReporter -->
<testsuite hostname="DESKTOP-I3QQCQL" failures="0" tests="1" name="nov13.Demo1" time="10.435" errors="0" timestamp="2024-11-19T09:05:11 IST" skipped="0">
  <testcase classname="nov13.Demo1" name="verifyTitle" time="10.435"/>
  <system-out/>
</testsuite> <!-- nov13.Demo1 -->
