<?xml version="1.0" encoding="UTF-8"?>
<!-- Generated by org.testng.reporters.JUnitReportReporter -->
<testsuite hostname="DESKTOP-I3QQCQL" failures="0" tests="1" name="nov13.Demo3" time="7.746" errors="0" timestamp="2024-11-19T09:12:32 IST" skipped="0">
  <testcase classname="nov13.Demo3" name="verifyTitle" time="7.746"/>
  <system-out/>
</testsuite> <!-- nov13.Demo3 -->
