<?xml version="1.0" encoding="UTF-8"?>
<!-- Generated by org.testng.reporters.JUnitReportReporter -->
<testsuite hostname="DESKTOP-I3QQCQL" failures="0" tests="3" name="nov11.SexondTestNGClass" time="33.070" errors="0" timestamp="2024-11-16T18:18:42 IST" skipped="1">
  <testcase classname="nov11.SexondTestNGClass" name="leave" time="14.378"/>
  <system-out>
    <![CDATA[Executing Leave Test]]>
  </system-out>
  <testcase classname="nov11.SexondTestNGClass" name="admin" time="18.692"/>
  <system-out>
    <![CDATA[Executing Admin Test]]>
  </system-out>
  <testcase classname="nov11.SexondTestNGClass" name="pim">
    <skipped/>
  </testcase> <!-- pim -->
  <system-out/>
</testsuite> <!-- nov11.SexondTestNGClass -->
